<?xml version="1.0" encoding="UTF-8"?>
<testsuite xmlns:xsi="http://www.w3.org/2001/XMLSchema-instance" xsi:schemaLocation="https://maven.apache.org/surefire/maven-surefire-plugin/xsd/surefire-test-report.xsd" name="sg.flooringmastery.Service.FlooringServiceImplTest" time="0.001" tests="24" errors="0" skipped="0" failures="0">
  <properties>
[...]
</properties>
  <testcase name="testEditOrderBadDao" classname="sg.flooringmastery.Service.FlooringServiceImplTest" time="0"/>
  <testcase name="testGetOrderByBadId" classname="sg.flooringmastery.Service.FlooringServiceImplTest" time="0"/>
  <testcase name="testEditOrderAllBlank" classname="sg.flooringmastery.Service.FlooringServiceImplTest" time="0"/>
  <testcase name="testAddOrderBadState" classname="sg.flooringmastery.Service.FlooringServiceImplTest" time="0"/>
  <testcase name="testAddOrderInThePast" classname="sg.flooringmastery.Service.FlooringServiceImplTest" time="0"/>
  <testcase name="testEditOrderBadState" classname="sg.flooringmastery.Service.FlooringServiceImplTest" time="0"/>
  <testcase name="testEditOrderBadDate" classname="sg.flooringmastery.Service.FlooringServiceImplTest" time="0"/>
  <testcase name="testAddOrderGoldenPath" classname="sg.flooringmastery.Service.FlooringServiceImplTest" time="0"/>
  <testcase name="testGetOrdersByDateWithNoOrders" classname="sg.flooringmastery.Service.FlooringServiceImplTest" time="0"/>
  <testcase name="testEditOrderGoldenPath" classname="sg.flooringmastery.Service.FlooringServiceImplTest" time="0"/>
  <testcase name="testAddOrderInvalidProductType" classname="sg.flooringmastery.Service.FlooringServiceImplTest" time="0"/>
  <testcase name="testRemoveOrderGoldenPath" classname="sg.flooringmastery.Service.FlooringServiceImplTest" time="0"/>
  <testcase name="testEditOrderBadProductType" classname="sg.flooringmastery.Service.FlooringServiceImplTest" time="0"/>
  <testcase name="testAddOrderBadDao" classname="sg.flooringmastery.Service.FlooringServiceImplTest" time="0"/>
  <testcase name="testGetOrderByIdGoldenPath" classname="sg.flooringmastery.Service.FlooringServiceImplTest" time="0"/>
  <testcase name="testRemoveOrderBadId" classname="sg.flooringmastery.Service.FlooringServiceImplTest" time="0"/>
  <testcase name="testRemoveOrderBadDao" classname="sg.flooringmastery.Service.FlooringServiceImplTest" time="0"/>
  <testcase name="testAddOrderBlankProductType" classname="sg.flooringmastery.Service.FlooringServiceImplTest" time="0"/>
  <testcase name="testGetOrderByDateWithNoOrders" classname="sg.flooringmastery.Service.FlooringServiceImplTest" time="0"/>
  <testcase name="testRemoveOrderDateWithNoOrders" classname="sg.flooringmastery.Service.FlooringServiceImplTest" time="0"/>
  <testcase name="testGetOrderByIdBadDao" classname="sg.flooringmastery.Service.FlooringServiceImplTest" time="0"/>
  <testcase name="testGetOrdersByDateBadDao" classname="sg.flooringmastery.Service.FlooringServiceImplTest" time="0"/>
  <testcase name="testGetOrdersByDate" classname="sg.flooringmastery.Service.FlooringServiceImplTest" time="0"/>
  <testcase name="testAddOrderNegativeArea" classname="sg.flooringmastery.Service.FlooringServiceImplTest" time="0"/>
</testsuite>